Using pre-set license
Built from '2020.3/release' branch; Version is '2020.3.2f1 (8fd9074bf66c) revision 9427207'; Using compiler version '192528614'; Build Type 'Release'
OS: 'Windows 10 Home; OS build 18363.1440; Version 1909; 64bit' Language: 'fr' Physical Memory: 16336 MB
BatchMode: 1, IsHumanControllingUs: 0, StartBugReporterOnCrash: 0, Is64bit: 1, IsPro: 0

 COMMAND LINE ARGUMENTS:
D:\Programmes\Utilitaire\Unity\2020.3.2f1\Editor\Unity.exe
-adb2
-batchMode
-noUpm
-name
AssetImportWorker0
-projectPath
D:/Programmes/Utilitaire/Unity/Projets/Projet Chtulhu/Projet-Chtulhu/Projet Chthulhu
-logFile
Logs/AssetImportWorker0.log
-srvPort
62209
Successfully changed project path to: D:/Programmes/Utilitaire/Unity/Projets/Projet Chtulhu/Projet-Chtulhu/Projet Chthulhu
D:/Programmes/Utilitaire/Unity/Projets/Projet Chtulhu/Projet-Chtulhu/Projet Chthulhu
Using Asset Import Pipeline V2.
Refreshing native plugins compatible for Editor in 94.86 ms, found 1 plugins.
Preloading 0 native plugins for Editor in 0.00 ms.
Initialize engine version: 2020.3.2f1 (8fd9074bf66c)
[Subsystems] Discovering subsystems at path D:/Programmes/Utilitaire/Unity/2020.3.2f1/Editor/Data/Resources/UnitySubsystems
[Subsystems] Discovering subsystems at path D:/Programmes/Utilitaire/Unity/Projets/Projet Chtulhu/Projet-Chtulhu/Projet Chthulhu/Assets
GfxDevice: creating device client; threaded=0
Direct3D:
    Version:  Direct3D 11.0 [level 11.1]
    Renderer: AMD Radeon RX 5700 XT (ID=0x731f)
    Vendor:   
    VRAM:     8151 MB
    Driver:   27.20.15003.5017
Initialize mono
Mono path[0] = 'D:/Programmes/Utilitaire/Unity/2020.3.2f1/Editor/Data/Managed'
Mono path[1] = 'D:/Programmes/Utilitaire/Unity/2020.3.2f1/Editor/Data/MonoBleedingEdge/lib/mono/unityjit'
Mono config path = 'D:/Programmes/Utilitaire/Unity/2020.3.2f1/Editor/Data/MonoBleedingEdge/etc'
Using monoOptions --debugger-agent=transport=dt_socket,embedding=1,server=y,suspend=n,address=127.0.0.1:56272
Begin MonoManager ReloadAssembly
Registering precompiled unity dll's ...
Register platform support module: D:/Programmes/Utilitaire/Unity/2020.3.2f1/Editor/Data/PlaybackEngines/WindowsStandaloneSupport/UnityEditor.WindowsStandalone.Extensions.dll
Registered in 0.002006 seconds.
Native extension for WindowsStandalone target not found
Refreshing native plugins compatible for Editor in 93.88 ms, found 1 plugins.
Preloading 0 native plugins for Editor in 0.00 ms.
Invoked RoslynAnalysisRunner static constructor.
RoslynAnalysisRunner will not be running.
RoslynAnalysisRunner has terminated.
Mono: successfully reloaded assembly
- Completed reload, in  1.871 seconds
Platform modules already initialized, skipping
Registering precompiled user dll's ...
Registered in 0.002663 seconds.
Begin MonoManager ReloadAssembly
Native extension for WindowsStandalone target not found
Refreshing native plugins compatible for Editor in 98.67 ms, found 1 plugins.
Preloading 0 native plugins for Editor in 0.00 ms.
Invoked RoslynAnalysisRunner static constructor.
RoslynAnalysisRunner will not be running.
RoslynAnalysisRunner has terminated.
Mono: successfully reloaded assembly
- Completed reload, in  1.705 seconds
Platform modules already initialized, skipping
========================================================================
Worker process is ready to serve import requests
Launched and connected shader compiler UnityShaderCompiler.exe after 0.07 seconds
Refreshing native plugins compatible for Editor in 0.77 ms, found 1 plugins.
Preloading 0 native plugins for Editor in 0.00 ms.
Unloading 3734 Unused Serialized files (Serialized files now loaded: 0)
System memory in use before: 180.4 MB.
System memory in use after: 180.6 MB.

Unloading 14 unused Assets to reduce memory usage. Loaded Objects now: 4192.
Total: 3.301300 ms (FindLiveObjects: 0.489100 ms CreateObjectMapping: 0.114600 ms MarkObjects: 2.614000 ms  DeleteObjects: 0.082100 ms)

========================================================================
Received Import Request.
  path: Assets/Scripts/Combat/Actors/ActorTest.asset
  artifactKey: Guid(979d7dab3b925ac4cbafb07f3ef7efa0) Importer(815301076,1909f56bfc062723c751e8b465ee728b)
Start importing Assets/Scripts/Combat/Actors/ActorTest.asset using Guid(979d7dab3b925ac4cbafb07f3ef7efa0) Importer(815301076,1909f56bfc062723c751e8b465ee728b)  -> (artifact id: '27597260b7dbecfd000975fdccb3622d') in 0.050548 seconds
  Import took 0.057266 seconds .

========================================================================
Received Import Request.
  Time since last request: 7.098592 seconds.
  path: Assets/Scripts/Combat/Weapons/WeaponData.cs
  artifactKey: Guid(b133a2f84e481664d97c9772d09d79f9) Importer(815301076,1909f56bfc062723c751e8b465ee728b)
Start importing Assets/Scripts/Combat/Weapons/WeaponData.cs using Guid(b133a2f84e481664d97c9772d09d79f9) Importer(815301076,1909f56bfc062723c751e8b465ee728b)  -> (artifact id: 'd99eab9d7e83863744c8489f9481abb0') in 0.008701 seconds
  Import took 0.062507 seconds .

========================================================================
Received Prepare
Registering precompiled user dll's ...
Registered in 0.003905 seconds.
Begin MonoManager ReloadAssembly
Native extension for WindowsStandalone target not found
Refreshing native plugins compatible for Editor in 0.78 ms, found 1 plugins.
Preloading 0 native plugins for Editor in 0.00 ms.
Invoked RoslynAnalysisRunner static constructor.
RoslynAnalysisRunner will not be running.
RoslynAnalysisRunner has terminated.
Mono: successfully reloaded assembly
- Completed reload, in  1.351 seconds
Platform modules already initialized, skipping
Refreshing native plugins compatible for Editor in 0.82 ms, found 1 plugins.
Preloading 0 native plugins for Editor in 0.00 ms.
Unloading 3457 Unused Serialized files (Serialized files now loaded: 0)
System memory in use before: 165.9 MB.
System memory in use after: 166.1 MB.

Unloading 9 unused Assets to reduce memory usage. Loaded Objects now: 4196.
Total: 3.186500 ms (FindLiveObjects: 0.494800 ms CreateObjectMapping: 0.102400 ms MarkObjects: 2.552100 ms  DeleteObjects: 0.034700 ms)

========================================================================
Received Import Request.
  Time since last request: 18.428615 seconds.
  path: Assets/Scripts/Combat/Weapons/AttackData.cs
  artifactKey: Guid(92362497ed939444b83ae5440514cc95) Importer(815301076,1909f56bfc062723c751e8b465ee728b)
Start importing Assets/Scripts/Combat/Weapons/AttackData.cs using Guid(92362497ed939444b83ae5440514cc95) Importer(815301076,1909f56bfc062723c751e8b465ee728b)  -> (artifact id: '71804bb09a2eac06bec65e00e56d213e') in 0.009979 seconds
  Import took 0.018545 seconds .

========================================================================
Received Prepare
Registering precompiled user dll's ...
Registered in 0.003527 seconds.
Begin MonoManager ReloadAssembly
Native extension for WindowsStandalone target not found
Refreshing native plugins compatible for Editor in 0.81 ms, found 1 plugins.
Preloading 0 native plugins for Editor in 0.00 ms.
Invoked RoslynAnalysisRunner static constructor.
RoslynAnalysisRunner will not be running.
RoslynAnalysisRunner has terminated.
Mono: successfully reloaded assembly
- Completed reload, in  1.352 seconds
Platform modules already initialized, skipping
Refreshing native plugins compatible for Editor in 0.81 ms, found 1 plugins.
Preloading 0 native plugins for Editor in 0.00 ms.
Unloading 3458 Unused Serialized files (Serialized files now loaded: 0)
System memory in use before: 166.0 MB.
System memory in use after: 166.2 MB.

Unloading 9 unused Assets to reduce memory usage. Loaded Objects now: 4200.
Total: 3.046700 ms (FindLiveObjects: 0.474400 ms CreateObjectMapping: 0.101100 ms MarkObjects: 2.451800 ms  DeleteObjects: 0.018000 ms)

========================================================================
Received Prepare
Registering precompiled user dll's ...
Registered in 0.003773 seconds.
Begin MonoManager ReloadAssembly
Native extension for WindowsStandalone target not found
Refreshing native plugins compatible for Editor in 1.05 ms, found 1 plugins.
Preloading 0 native plugins for Editor in 0.00 ms.
Invoked RoslynAnalysisRunner static constructor.
RoslynAnalysisRunner will not be running.
RoslynAnalysisRunner has terminated.
Mono: successfully reloaded assembly
- Completed reload, in  1.362 seconds
Platform modules already initialized, skipping
Refreshing native plugins compatible for Editor in 0.78 ms, found 1 plugins.
Preloading 0 native plugins for Editor in 0.00 ms.
Unloading 3458 Unused Serialized files (Serialized files now loaded: 0)
System memory in use before: 166.0 MB.
System memory in use after: 166.3 MB.

Unloading 9 unused Assets to reduce memory usage. Loaded Objects now: 4203.
Total: 3.725500 ms (FindLiveObjects: 0.412500 ms CreateObjectMapping: 0.100400 ms MarkObjects: 3.182800 ms  DeleteObjects: 0.027900 ms)

========================================================================
Received Import Request.
  Time since last request: 761.877123 seconds.
  path: Assets/Scripts/Combat/SheetData.cs
  artifactKey: Guid(676c72ed169571d43818e3d0d0748abb) Importer(815301076,1909f56bfc062723c751e8b465ee728b)
Start importing Assets/Scripts/Combat/SheetData.cs using Guid(676c72ed169571d43818e3d0d0748abb) Importer(815301076,1909f56bfc062723c751e8b465ee728b)  -> (artifact id: '1310e7fcb8c2122cc5a7e5417cee3f7a') in 0.012769 seconds
  Import took 0.022993 seconds .

========================================================================
Received Import Request.
  Time since last request: 0.009947 seconds.
  path: Assets/Scripts/Combat/SheetData.cs
  artifactKey: Guid(676c72ed169571d43818e3d0d0748abb) Importer(815301076,1909f56bfc062723c751e8b465ee728b)
Start importing Assets/Scripts/Combat/SheetData.cs using Guid(676c72ed169571d43818e3d0d0748abb) Importer(815301076,1909f56bfc062723c751e8b465ee728b)  -> (artifact id: '1310e7fcb8c2122cc5a7e5417cee3f7a') in 0.004084 seconds
  Import took 0.011556 seconds .

========================================================================
Received Prepare
Registering precompiled user dll's ...
Registered in 0.002819 seconds.
Begin MonoManager ReloadAssembly
Native extension for WindowsStandalone target not found
Refreshing native plugins compatible for Editor in 1.55 ms, found 1 plugins.
Preloading 0 native plugins for Editor in 0.00 ms.
Invoked RoslynAnalysisRunner static constructor.
RoslynAnalysisRunner will not be running.
RoslynAnalysisRunner has terminated.
Mono: successfully reloaded assembly
- Completed reload, in  1.415 seconds
Platform modules already initialized, skipping
Refreshing native plugins compatible for Editor in 0.91 ms, found 1 plugins.
Preloading 0 native plugins for Editor in 0.00 ms.
Unloading 3459 Unused Serialized files (Serialized files now loaded: 0)
System memory in use before: 166.1 MB.
System memory in use after: 166.3 MB.

Unloading 9 unused Assets to reduce memory usage. Loaded Objects now: 4207.
Total: 3.918600 ms (FindLiveObjects: 0.445200 ms CreateObjectMapping: 0.151600 ms MarkObjects: 3.287900 ms  DeleteObjects: 0.031800 ms)

========================================================================
Received Prepare
Registering precompiled user dll's ...
Registered in 0.004000 seconds.
Begin MonoManager ReloadAssembly
Native extension for WindowsStandalone target not found
Refreshing native plugins compatible for Editor in 0.80 ms, found 1 plugins.
Preloading 0 native plugins for Editor in 0.00 ms.
Invoked RoslynAnalysisRunner static constructor.
RoslynAnalysisRunner will not be running.
RoslynAnalysisRunner has terminated.
Mono: successfully reloaded assembly
- Completed reload, in  1.447 seconds
Platform modules already initialized, skipping
Refreshing native plugins compatible for Editor in 0.81 ms, found 1 plugins.
Preloading 0 native plugins for Editor in 0.00 ms.
Unloading 3459 Unused Serialized files (Serialized files now loaded: 0)
System memory in use before: 166.1 MB.
System memory in use after: 166.3 MB.

Unloading 9 unused Assets to reduce memory usage. Loaded Objects now: 4210.
Total: 4.093400 ms (FindLiveObjects: 0.448900 ms CreateObjectMapping: 0.106300 ms MarkObjects: 3.514500 ms  DeleteObjects: 0.022300 ms)

========================================================================
Received Prepare
Registering precompiled user dll's ...
Registered in 0.003165 seconds.
Begin MonoManager ReloadAssembly
Native extension for WindowsStandalone target not found
Refreshing native plugins compatible for Editor in 0.78 ms, found 1 plugins.
Preloading 0 native plugins for Editor in 0.00 ms.
Invoked RoslynAnalysisRunner static constructor.
RoslynAnalysisRunner will not be running.
RoslynAnalysisRunner has terminated.
Mono: successfully reloaded assembly
- Completed reload, in  1.341 seconds
Platform modules already initialized, skipping
Refreshing native plugins compatible for Editor in 0.81 ms, found 1 plugins.
Preloading 0 native plugins for Editor in 0.00 ms.
Unloading 3459 Unused Serialized files (Serialized files now loaded: 0)
System memory in use before: 166.1 MB.
System memory in use after: 166.3 MB.

Unloading 9 unused Assets to reduce memory usage. Loaded Objects now: 4213.
Total: 3.703800 ms (FindLiveObjects: 0.639900 ms CreateObjectMapping: 0.122600 ms MarkObjects: 2.918800 ms  DeleteObjects: 0.020900 ms)

========================================================================
Received Prepare
Registering precompiled user dll's ...
Registered in 0.002646 seconds.
Begin MonoManager ReloadAssembly
Native extension for WindowsStandalone target not found
Refreshing native plugins compatible for Editor in 0.82 ms, found 1 plugins.
Preloading 0 native plugins for Editor in 0.00 ms.
Invoked RoslynAnalysisRunner static constructor.
RoslynAnalysisRunner will not be running.
RoslynAnalysisRunner has terminated.
Mono: successfully reloaded assembly
- Completed reload, in  1.449 seconds
Platform modules already initialized, skipping
Refreshing native plugins compatible for Editor in 0.80 ms, found 1 plugins.
Preloading 0 native plugins for Editor in 0.00 ms.
Unloading 3459 Unused Serialized files (Serialized files now loaded: 0)
System memory in use before: 166.1 MB.
System memory in use after: 166.3 MB.

Unloading 9 unused Assets to reduce memory usage. Loaded Objects now: 4216.
Total: 3.073400 ms (FindLiveObjects: 0.425700 ms CreateObjectMapping: 0.104600 ms MarkObjects: 2.520000 ms  DeleteObjects: 0.021700 ms)

========================================================================
Received Prepare
Registering precompiled user dll's ...
Registered in 0.004339 seconds.
Begin MonoManager ReloadAssembly
Native extension for WindowsStandalone target not found
Refreshing native plugins compatible for Editor in 1.28 ms, found 1 plugins.
Preloading 0 native plugins for Editor in 0.00 ms.
Invoked RoslynAnalysisRunner static constructor.
RoslynAnalysisRunner will not be running.
RoslynAnalysisRunner has terminated.
Mono: successfully reloaded assembly
- Completed reload, in  1.638 seconds
Platform modules already initialized, skipping
Refreshing native plugins compatible for Editor in 1.07 ms, found 1 plugins.
Preloading 0 native plugins for Editor in 0.00 ms.
Unloading 3459 Unused Serialized files (Serialized files now loaded: 0)
System memory in use before: 166.1 MB.
System memory in use after: 166.3 MB.

Unloading 9 unused Assets to reduce memory usage. Loaded Objects now: 4219.
Total: 3.312200 ms (FindLiveObjects: 0.577600 ms CreateObjectMapping: 0.147300 ms MarkObjects: 2.558500 ms  DeleteObjects: 0.027200 ms)

========================================================================
Received Prepare
Registering precompiled user dll's ...
Registered in 0.002902 seconds.
Begin MonoManager ReloadAssembly
Native extension for WindowsStandalone target not found
Refreshing native plugins compatible for Editor in 0.80 ms, found 1 plugins.
Preloading 0 native plugins for Editor in 0.00 ms.
Invoked RoslynAnalysisRunner static constructor.
RoslynAnalysisRunner will not be running.
RoslynAnalysisRunner has terminated.
Mono: successfully reloaded assembly
- Completed reload, in  1.484 seconds
Platform modules already initialized, skipping
Refreshing native plugins compatible for Editor in 0.84 ms, found 1 plugins.
Preloading 0 native plugins for Editor in 0.00 ms.
Unloading 3459 Unused Serialized files (Serialized files now loaded: 0)
System memory in use before: 166.1 MB.
System memory in use after: 166.3 MB.

Unloading 9 unused Assets to reduce memory usage. Loaded Objects now: 4222.
Total: 3.530000 ms (FindLiveObjects: 0.426200 ms CreateObjectMapping: 0.103200 ms MarkObjects: 2.973700 ms  DeleteObjects: 0.025000 ms)

========================================================================
Received Prepare
Registering precompiled user dll's ...
Registered in 0.003472 seconds.
Begin MonoManager ReloadAssembly
Native extension for WindowsStandalone target not found
Refreshing native plugins compatible for Editor in 0.84 ms, found 1 plugins.
Preloading 0 native plugins for Editor in 0.00 ms.
Invoked RoslynAnalysisRunner static constructor.
RoslynAnalysisRunner will not be running.
RoslynAnalysisRunner has terminated.
Mono: successfully reloaded assembly
- Completed reload, in  1.387 seconds
Platform modules already initialized, skipping
Refreshing native plugins compatible for Editor in 0.85 ms, found 1 plugins.
Preloading 0 native plugins for Editor in 0.00 ms.
Unloading 3459 Unused Serialized files (Serialized files now loaded: 0)
System memory in use before: 166.1 MB.
System memory in use after: 166.4 MB.

Unloading 9 unused Assets to reduce memory usage. Loaded Objects now: 4225.
Total: 3.515100 ms (FindLiveObjects: 0.432800 ms CreateObjectMapping: 0.104300 ms MarkObjects: 2.952300 ms  DeleteObjects: 0.024100 ms)

========================================================================
Received Prepare
Registering precompiled user dll's ...
Registered in 0.003000 seconds.
Begin MonoManager ReloadAssembly
Native extension for WindowsStandalone target not found
Refreshing native plugins compatible for Editor in 0.90 ms, found 1 plugins.
Preloading 0 native plugins for Editor in 0.00 ms.
Invoked RoslynAnalysisRunner static constructor.
RoslynAnalysisRunner will not be running.
RoslynAnalysisRunner has terminated.
Mono: successfully reloaded assembly
- Completed reload, in  1.395 seconds
Platform modules already initialized, skipping
Refreshing native plugins compatible for Editor in 0.81 ms, found 1 plugins.
Preloading 0 native plugins for Editor in 0.00 ms.
Unloading 3459 Unused Serialized files (Serialized files now loaded: 0)
System memory in use before: 166.1 MB.
System memory in use after: 166.4 MB.

Unloading 9 unused Assets to reduce memory usage. Loaded Objects now: 4228.
Total: 4.244300 ms (FindLiveObjects: 0.443000 ms CreateObjectMapping: 0.117500 ms MarkObjects: 3.655100 ms  DeleteObjects: 0.027000 ms)

========================================================================
Received Prepare
Registering precompiled user dll's ...
Registered in 0.002627 seconds.
Begin MonoManager ReloadAssembly
Native extension for WindowsStandalone target not found
Refreshing native plugins compatible for Editor in 0.88 ms, found 1 plugins.
Preloading 0 native plugins for Editor in 0.00 ms.
Invoked RoslynAnalysisRunner static constructor.
RoslynAnalysisRunner will not be running.
RoslynAnalysisRunner has terminated.
Mono: successfully reloaded assembly
- Completed reload, in  1.398 seconds
Platform modules already initialized, skipping
Refreshing native plugins compatible for Editor in 0.89 ms, found 1 plugins.
Preloading 0 native plugins for Editor in 0.00 ms.
Unloading 3459 Unused Serialized files (Serialized files now loaded: 0)
System memory in use before: 166.1 MB.
System memory in use after: 166.4 MB.

Unloading 9 unused Assets to reduce memory usage. Loaded Objects now: 4231.
Total: 4.634000 ms (FindLiveObjects: 0.643900 ms CreateObjectMapping: 0.225700 ms MarkObjects: 3.727300 ms  DeleteObjects: 0.034800 ms)

========================================================================
Received Prepare
Registering precompiled user dll's ...
Registered in 0.003792 seconds.
Begin MonoManager ReloadAssembly
Native extension for WindowsStandalone target not found
Refreshing native plugins compatible for Editor in 0.83 ms, found 1 plugins.
Preloading 0 native plugins for Editor in 0.00 ms.
Invoked RoslynAnalysisRunner static constructor.
RoslynAnalysisRunner will not be running.
RoslynAnalysisRunner has terminated.
Mono: successfully reloaded assembly
- Completed reload, in  1.677 seconds
Platform modules already initialized, skipping
Refreshing native plugins compatible for Editor in 1.60 ms, found 1 plugins.
Preloading 0 native plugins for Editor in 0.00 ms.
Unloading 3459 Unused Serialized files (Serialized files now loaded: 0)
System memory in use before: 166.1 MB.
System memory in use after: 166.4 MB.

Unloading 9 unused Assets to reduce memory usage. Loaded Objects now: 4234.
Total: 3.662400 ms (FindLiveObjects: 0.436900 ms CreateObjectMapping: 0.103800 ms MarkObjects: 3.094000 ms  DeleteObjects: 0.025900 ms)

========================================================================
Received Prepare
Registering precompiled user dll's ...
Registered in 0.002607 seconds.
Begin MonoManager ReloadAssembly
Native extension for WindowsStandalone target not found
Refreshing native plugins compatible for Editor in 0.83 ms, found 1 plugins.
Preloading 0 native plugins for Editor in 0.00 ms.
Invoked RoslynAnalysisRunner static constructor.
RoslynAnalysisRunner will not be running.
RoslynAnalysisRunner has terminated.
Mono: successfully reloaded assembly
- Completed reload, in  1.409 seconds
Platform modules already initialized, skipping
Refreshing native plugins compatible for Editor in 0.79 ms, found 1 plugins.
Preloading 0 native plugins for Editor in 0.00 ms.
Unloading 3459 Unused Serialized files (Serialized files now loaded: 0)
System memory in use before: 166.1 MB.
System memory in use after: 166.4 MB.

Unloading 9 unused Assets to reduce memory usage. Loaded Objects now: 4237.
Total: 3.105000 ms (FindLiveObjects: 0.431400 ms CreateObjectMapping: 0.157400 ms MarkObjects: 2.495300 ms  DeleteObjects: 0.019800 ms)

========================================================================
Received Prepare
Registering precompiled user dll's ...
Registered in 0.002609 seconds.
Begin MonoManager ReloadAssembly
Native extension for WindowsStandalone target not found
Refreshing native plugins compatible for Editor in 0.80 ms, found 1 plugins.
Preloading 0 native plugins for Editor in 0.00 ms.
Invoked RoslynAnalysisRunner static constructor.
RoslynAnalysisRunner will not be running.
RoslynAnalysisRunner has terminated.
Mono: successfully reloaded assembly
- Completed reload, in  1.323 seconds
Platform modules already initialized, skipping
Refreshing native plugins compatible for Editor in 1.15 ms, found 1 plugins.
Preloading 0 native plugins for Editor in 0.00 ms.
Unloading 3459 Unused Serialized files (Serialized files now loaded: 0)
System memory in use before: 166.1 MB.
System memory in use after: 166.4 MB.

Unloading 9 unused Assets to reduce memory usage. Loaded Objects now: 4240.
Total: 3.676800 ms (FindLiveObjects: 0.422400 ms CreateObjectMapping: 0.102500 ms MarkObjects: 3.129200 ms  DeleteObjects: 0.021000 ms)

========================================================================
Received Import Request.
  Time since last request: 1324.213668 seconds.
  path: Assets/Scripts/Combat/Maps/Map.asset
  artifactKey: Guid(d8318e24ed41a7c4cbb7f0f32fac8b2c) Importer(815301076,1909f56bfc062723c751e8b465ee728b)
Start importing Assets/Scripts/Combat/Maps/Map.asset using Guid(d8318e24ed41a7c4cbb7f0f32fac8b2c) Importer(815301076,1909f56bfc062723c751e8b465ee728b)  -> (artifact id: '450d7129bc2040b08c59fc4dd616a5ed') in 0.019195 seconds
  Import took 0.026670 seconds .

========================================================================
Received Prepare
Registering precompiled user dll's ...
Registered in 0.003722 seconds.
Begin MonoManager ReloadAssembly
Native extension for WindowsStandalone target not found
Refreshing native plugins compatible for Editor in 0.82 ms, found 1 plugins.
Preloading 0 native plugins for Editor in 0.00 ms.
Invoked RoslynAnalysisRunner static constructor.
RoslynAnalysisRunner will not be running.
RoslynAnalysisRunner has terminated.
Mono: successfully reloaded assembly
- Completed reload, in  1.438 seconds
Platform modules already initialized, skipping
Refreshing native plugins compatible for Editor in 0.94 ms, found 1 plugins.
Preloading 0 native plugins for Editor in 0.00 ms.
Unloading 3459 Unused Serialized files (Serialized files now loaded: 0)
System memory in use before: 166.1 MB.
System memory in use after: 166.4 MB.

Unloading 9 unused Assets to reduce memory usage. Loaded Objects now: 4243.
Total: 3.722300 ms (FindLiveObjects: 0.511900 ms CreateObjectMapping: 0.108100 ms MarkObjects: 3.075300 ms  DeleteObjects: 0.025300 ms)

